<?xml version="1.0" encoding="UTF-8"?>
<testng-results ignored="0" total="4" passed="4" failed="0" skipped="0">
  <reporter-output>
  </reporter-output>
  <suite started-at="2022-10-11T11:29:12 IST" name="Default suite" finished-at="2022-10-11T11:31:13 IST" duration-ms="120277">
    <groups>
      <group name="Chrome">
        <method signature="Automation.LaunchChrome()[pri:0, instance:ecommerce.Automation@13b13b5d]" name="LaunchChrome" class="ecommerce.Automation"/>
        <method signature="Automation.f()[pri:0, instance:ecommerce.Automation@13b13b5d]" name="f" class="ecommerce.Automation"/>
      </group> <!-- Chrome -->
      <group name="Firefox">
        <method signature="Automation.LaunchFirefox()[pri:0, instance:ecommerce.Automation@13b13b5d]" name="LaunchFirefox" class="ecommerce.Automation"/>
        <method signature="Automation.firefox()[pri:0, instance:ecommerce.Automation@13b13b5d]" name="firefox" class="ecommerce.Automation"/>
      </group> <!-- Firefox -->
    </groups>
    <test started-at="2022-10-11T11:29:12 IST" name="Default test" finished-at="2022-10-11T11:31:13 IST" duration-ms="120277">
      <class name="ecommerce.Automation">
        <test-method signature="LaunchChrome()[pri:0, instance:ecommerce.Automation@13b13b5d]" started-at="2022-10-11T11:29:13 IST" name="LaunchChrome" finished-at="2022-10-11T11:29:15 IST" duration-ms="2034" status="PASS">
          <reporter-output>
          </reporter-output>
        </test-method> <!-- LaunchChrome -->
        <test-method signature="LaunchFirefox()[pri:0, instance:ecommerce.Automation@13b13b5d]" started-at="2022-10-11T11:29:15 IST" name="LaunchFirefox" finished-at="2022-10-11T11:29:19 IST" duration-ms="4008" status="PASS">
          <reporter-output>
          </reporter-output>
        </test-method> <!-- LaunchFirefox -->
        <test-method signature="f()[pri:0, instance:ecommerce.Automation@13b13b5d]" started-at="2022-10-11T11:29:19 IST" name="f" finished-at="2022-10-11T11:29:57 IST" depends-on-methods="ecommerce.Automation.LaunchChrome" duration-ms="38402" status="PASS">
          <reporter-output>
          </reporter-output>
        </test-method> <!-- f -->
        <test-method signature="firefox()[pri:0, instance:ecommerce.Automation@13b13b5d]" started-at="2022-10-11T11:29:57 IST" name="firefox" finished-at="2022-10-11T11:31:13 IST" depends-on-methods="ecommerce.Automation.LaunchFirefox" duration-ms="75739" status="PASS">
          <reporter-output>
          </reporter-output>
        </test-method> <!-- firefox -->
      </class> <!-- ecommerce.Automation -->
    </test> <!-- Default test -->
  </suite> <!-- Default suite -->
</testng-results>
